  ColissionManager.cpp
D:\Facultad\Algebra\BricksBreaker\BricksBreaker\ColissionManager.cpp(358,29): warning C4244: '=': conversion from 'double' to 'float', possible loss of data
  GameData.cpp
  GameFunctions.cpp
D:\Facultad\Algebra\BricksBreaker\BricksBreaker\GameFunctions.cpp(44,12): warning C4244: 'argument': conversion from 'time_t' to 'unsigned int', possible loss of data
  GameLoop.cpp
D:\Facultad\Algebra\BricksBreaker\BricksBreaker\GameLoop.cpp(45,56): warning C4244: '+=': conversion from 'double' to 'float', possible loss of data
D:\Facultad\Algebra\BricksBreaker\BricksBreaker\GameLoop.cpp(46,56): warning C4244: '+=': conversion from 'double' to 'float', possible loss of data
D:\Facultad\Algebra\BricksBreaker\BricksBreaker\GameLoop.cpp(126,27): warning C4244: 'initializing': conversion from 'double' to 'int', possible loss of data
D:\Facultad\Algebra\BricksBreaker\BricksBreaker\GameLoop.cpp(130,28): warning C4244: '=': conversion from 'double' to 'float', possible loss of data
D:\Facultad\Algebra\BricksBreaker\BricksBreaker\GameLoop.cpp(169,71): warning C4244: '-=': conversion from 'double' to 'float', possible loss of data
D:\Facultad\Algebra\BricksBreaker\BricksBreaker\GameLoop.cpp(203,22): warning C4244: 'initializing': conversion from 'double' to 'float', possible loss of data
D:\Facultad\Algebra\BricksBreaker\BricksBreaker\GameLoop.cpp(216,37): warning C4244: '=': conversion from 'double' to 'float', possible loss of data
  main.cpp
D:\Facultad\Algebra\BricksBreaker\BricksBreaker\main.cpp(5,1): warning C4326: return type of 'main' should be 'int' instead of 'void'
  MenuManager.cpp
  Generating code
  Previous IPDB not found, fall back to full compilation.
  All 106 functions were compiled because no usable IPDB/IOBJ from previous compilation was found.
  Finished generating code
  BricksBreaker.vcxproj -> D:\Facultad\Algebra\BricksBreaker\Release\BricksBreaker.exe
  D:\Facultad\Algebra\BricksBreaker\lib\sigil-vc2015\dll\glew32.dll
  D:\Facultad\Algebra\BricksBreaker\lib\sigil-vc2015\dll\OpenAL32.dll
  D:\Facultad\Algebra\BricksBreaker\lib\sigil-vc2015\dll\sigil.dll
  D:\Facultad\Algebra\BricksBreaker\lib\sigil-vc2015\dll\wrap_oal.dll
  4 File(s) copied
  0 File(s) copied
